<?xml version="1.0" encoding="UTF-8"?>
<coverage generated="1632650674705" clover="3.2.0">
  <project timestamp="1632650674705" name="All files">
    <metrics statements="59" coveredstatements="55" conditionals="46" coveredconditionals="36" methods="11" coveredmethods="10" elements="116" coveredelements="101" complexity="0" loc="59" ncloc="59" packages="1" files="1" classes="1"/>
    <file name="index.tsx" path="/Users/baiqiao-2/Demo/react/react-slider-validate/src/components/SliderBar/index.tsx">
      <metrics statements="59" coveredstatements="55" conditionals="46" coveredconditionals="36" methods="11" coveredmethods="10"/>
      <line num="25" count="1" type="stmt"/>
      <line num="26" count="11" type="stmt"/>
      <line num="27" count="11" type="stmt"/>
      <line num="28" count="11" type="stmt"/>
      <line num="29" count="11" type="stmt"/>
      <line num="31" count="11" type="stmt"/>
      <line num="32" count="11" type="stmt"/>
      <line num="34" count="11" type="stmt"/>
      <line num="35" count="11" type="stmt"/>
      <line num="40" count="11" type="stmt"/>
      <line num="41" count="10" type="stmt"/>
      <line num="42" count="10" type="stmt"/>
      <line num="43" count="10" type="cond" truecount="3" falsecount="1"/>
      <line num="44" count="10" type="cond" truecount="4" falsecount="0"/>
      <line num="45" count="2" type="stmt"/>
      <line num="46" count="8" type="cond" truecount="4" falsecount="0"/>
      <line num="47" count="2" type="stmt"/>
      <line num="54" count="11" type="stmt"/>
      <line num="55" count="6" type="cond" truecount="2" falsecount="0"/>
      <line num="56" count="1" type="cond" truecount="3" falsecount="1"/>
      <line num="57" count="0" type="stmt"/>
      <line num="63" count="6" type="stmt"/>
      <line num="72" count="11" type="stmt"/>
      <line num="73" count="4" type="cond" truecount="3" falsecount="1"/>
      <line num="74" count="4" type="stmt"/>
      <line num="75" count="4" type="stmt"/>
      <line num="82" count="11" type="stmt"/>
      <line num="83" count="2" type="cond" truecount="2" falsecount="0"/>
      <line num="84" count="1" type="stmt"/>
      <line num="91" count="11" type="stmt"/>
      <line num="93" count="3" type="stmt"/>
      <line num="94" count="3" type="stmt"/>
      <line num="102" count="11" type="stmt"/>
      <line num="104" count="2" type="cond" truecount="1" falsecount="1"/>
      <line num="105" count="2" type="stmt"/>
      <line num="107" count="2" type="cond" truecount="1" falsecount="1"/>
      <line num="108" count="2" type="stmt"/>
      <line num="117" count="11" type="stmt"/>
      <line num="118" count="2" type="stmt"/>
      <line num="119" count="2" type="cond" truecount="2" falsecount="0"/>
      <line num="120" count="1" type="stmt"/>
      <line num="121" count="1" type="stmt"/>
      <line num="128" count="11" type="stmt"/>
      <line num="129" count="0" type="stmt"/>
      <line num="130" count="0" type="stmt"/>
      <line num="131" count="0" type="stmt"/>
      <line num="134" count="11" type="stmt"/>
      <line num="135" count="10" type="cond" truecount="1" falsecount="1"/>
      <line num="136" count="10" type="cond" truecount="2" falsecount="0"/>
      <line num="137" count="2" type="stmt"/>
      <line num="138" count="2" type="stmt"/>
      <line num="139" count="8" type="cond" truecount="2" falsecount="0"/>
      <line num="140" count="3" type="stmt"/>
      <line num="141" count="3" type="stmt"/>
      <line num="143" count="5" type="stmt"/>
      <line num="144" count="5" type="stmt"/>
      <line num="149" count="11" type="stmt"/>
      <line num="150" count="10" type="stmt"/>
      <line num="153" count="11" type="stmt"/>
    </file>
  </project>
</coverage>
