{"/Users/baiqiao-2/Demo/react/react-slider-validate/src/components/SliderBar/index.tsx": {"path":"/Users/baiqiao-2/Demo/react/react-slider-validate/src/components/SliderBar/index.tsx","statementMap":{"0":{"start":{"line":25,"column":29},"end":{"line":172,"column":2}},"1":{"start":{"line":26,"column":33},"end":{"line":26,"column":48}},"2":{"start":{"line":27,"column":29},"end":{"line":27,"column":40}},"3":{"start":{"line":28,"column":25},"end":{"line":28,"column":36}},"4":{"start":{"line":29,"column":35},"end":{"line":29,"column":50}},"5":{"start":{"line":31,"column":18},"end":{"line":31,"column":53}},"6":{"start":{"line":32,"column":19},"end":{"line":32,"column":54}},"7":{"start":{"line":34,"column":26},"end":{"line":34,"column":35}},"8":{"start":{"line":35,"column":24},"end":{"line":35,"column":33}},"9":{"start":{"line":40,"column":1},"end":{"line":49,"column":38}},"10":{"start":{"line":41,"column":15},"end":{"line":41,"column":28}},"11":{"start":{"line":42,"column":18},"end":{"line":42,"column":67}},"12":{"start":{"line":43,"column":21},"end":{"line":43,"column":70}},"13":{"start":{"line":44,"column":2},"end":{"line":48,"column":3}},"14":{"start":{"line":45,"column":3},"end":{"line":45,"column":22}},"15":{"start":{"line":46,"column":9},"end":{"line":48,"column":3}},"16":{"start":{"line":47,"column":3},"end":{"line":47,"column":13}},"17":{"start":{"line":54,"column":24},"end":{"line":67,"column":19}},"18":{"start":{"line":55,"column":2},"end":{"line":62,"column":3}},"19":{"start":{"line":56,"column":3},"end":{"line":61,"column":4}},"20":{"start":{"line":57,"column":4},"end":{"line":60,"column":6}},"21":{"start":{"line":63,"column":2},"end":{"line":66,"column":4}},"22":{"start":{"line":72,"column":1},"end":{"line":77,"column":8}},"23":{"start":{"line":73,"column":2},"end":{"line":76,"column":3}},"24":{"start":{"line":74,"column":3},"end":{"line":74,"column":59}},"25":{"start":{"line":75,"column":3},"end":{"line":75,"column":59}},"26":{"start":{"line":82,"column":24},"end":{"line":86,"column":17}},"27":{"start":{"line":83,"column":2},"end":{"line":85,"column":3}},"28":{"start":{"line":84,"column":3},"end":{"line":84,"column":44}},"29":{"start":{"line":91,"column":25},"end":{"line":97,"column":2}},"30":{"start":{"line":93,"column":3},"end":{"line":93,"column":21}},"31":{"start":{"line":94,"column":3},"end":{"line":94,"column":28}},"32":{"start":{"line":102,"column":25},"end":{"line":112,"column":2}},"33":{"start":{"line":104,"column":3},"end":{"line":106,"column":4}},"34":{"start":{"line":105,"column":4},"end":{"line":105,"column":27}},"35":{"start":{"line":107,"column":3},"end":{"line":109,"column":4}},"36":{"start":{"line":108,"column":4},"end":{"line":108,"column":21}},"37":{"start":{"line":117,"column":23},"end":{"line":123,"column":16}},"38":{"start":{"line":118,"column":2},"end":{"line":118,"column":21}},"39":{"start":{"line":119,"column":2},"end":{"line":122,"column":3}},"40":{"start":{"line":120,"column":3},"end":{"line":120,"column":14}},"41":{"start":{"line":121,"column":3},"end":{"line":121,"column":16}},"42":{"start":{"line":128,"column":24},"end":{"line":132,"column":7}},"43":{"start":{"line":129,"column":2},"end":{"line":129,"column":21}},"44":{"start":{"line":130,"column":2},"end":{"line":130,"column":13}},"45":{"start":{"line":131,"column":2},"end":{"line":131,"column":15}},"46":{"start":{"line":134,"column":21},"end":{"line":147,"column":26}},"47":{"start":{"line":135,"column":2},"end":{"line":146,"column":3}},"48":{"start":{"line":136,"column":3},"end":{"line":145,"column":4}},"49":{"start":{"line":137,"column":4},"end":{"line":137,"column":70}},"50":{"start":{"line":138,"column":4},"end":{"line":138,"column":59}},"51":{"start":{"line":139,"column":10},"end":{"line":145,"column":4}},"52":{"start":{"line":140,"column":4},"end":{"line":140,"column":69}},"53":{"start":{"line":141,"column":4},"end":{"line":141,"column":59}},"54":{"start":{"line":143,"column":4},"end":{"line":143,"column":69}},"55":{"start":{"line":144,"column":4},"end":{"line":144,"column":59}},"56":{"start":{"line":149,"column":1},"end":{"line":151,"column":19}},"57":{"start":{"line":150,"column":2},"end":{"line":150,"column":16}},"58":{"start":{"line":153,"column":1},"end":{"line":171,"column":3}}},"fnMap":{"0":{"name":"(anonymous_0)","decl":{"start":{"line":25,"column":34},"end":{"line":25,"column":35}},"loc":{"start":{"line":25,"column":62},"end":{"line":172,"column":1}},"line":25},"1":{"name":"(anonymous_1)","decl":{"start":{"line":40,"column":11},"end":{"line":40,"column":12}},"loc":{"start":{"line":40,"column":17},"end":{"line":49,"column":2}},"line":40},"2":{"name":"(anonymous_2)","decl":{"start":{"line":54,"column":47},"end":{"line":54,"column":48}},"loc":{"start":{"line":54,"column":53},"end":{"line":67,"column":2}},"line":54},"3":{"name":"(anonymous_3)","decl":{"start":{"line":72,"column":17},"end":{"line":72,"column":18}},"loc":{"start":{"line":72,"column":23},"end":{"line":77,"column":2}},"line":72},"4":{"name":"(anonymous_4)","decl":{"start":{"line":82,"column":36},"end":{"line":82,"column":37}},"loc":{"start":{"line":82,"column":42},"end":{"line":86,"column":2}},"line":82},"5":{"name":"(anonymous_5)","decl":{"start":{"line":92,"column":2},"end":{"line":92,"column":3}},"loc":{"start":{"line":92,"column":64},"end":{"line":95,"column":3}},"line":92},"6":{"name":"(anonymous_6)","decl":{"start":{"line":103,"column":2},"end":{"line":103,"column":3}},"loc":{"start":{"line":103,"column":64},"end":{"line":110,"column":3}},"line":103},"7":{"name":"(anonymous_7)","decl":{"start":{"line":117,"column":35},"end":{"line":117,"column":36}},"loc":{"start":{"line":117,"column":41},"end":{"line":123,"column":2}},"line":117},"8":{"name":"(anonymous_8)","decl":{"start":{"line":128,"column":36},"end":{"line":128,"column":37}},"loc":{"start":{"line":128,"column":42},"end":{"line":132,"column":2}},"line":128},"9":{"name":"(anonymous_9)","decl":{"start":{"line":134,"column":33},"end":{"line":134,"column":34}},"loc":{"start":{"line":134,"column":39},"end":{"line":147,"column":2}},"line":134},"10":{"name":"(anonymous_10)","decl":{"start":{"line":149,"column":11},"end":{"line":149,"column":12}},"loc":{"start":{"line":149,"column":17},"end":{"line":151,"column":2}},"line":149}},"branchMap":{"0":{"loc":{"start":{"line":43,"column":21},"end":{"line":43,"column":70}},"type":"cond-expr","locations":[{"start":{"line":43,"column":33},"end":{"line":43,"column":65}},{"start":{"line":43,"column":69},"end":{"line":43,"column":70}}],"line":43},"1":{"loc":{"start":{"line":43,"column":33},"end":{"line":43,"column":65}},"type":"cond-expr","locations":[{"start":{"line":43,"column":51},"end":{"line":43,"column":58}},{"start":{"line":43,"column":61},"end":{"line":43,"column":65}}],"line":43},"2":{"loc":{"start":{"line":44,"column":2},"end":{"line":48,"column":3}},"type":"if","locations":[{"start":{"line":44,"column":2},"end":{"line":48,"column":3}},{"start":{"line":44,"column":2},"end":{"line":48,"column":3}}],"line":44},"3":{"loc":{"start":{"line":44,"column":6},"end":{"line":44,"column":24}},"type":"binary-expr","locations":[{"start":{"line":44,"column":6},"end":{"line":44,"column":14}},{"start":{"line":44,"column":18},"end":{"line":44,"column":24}}],"line":44},"4":{"loc":{"start":{"line":46,"column":9},"end":{"line":48,"column":3}},"type":"if","locations":[{"start":{"line":46,"column":9},"end":{"line":48,"column":3}},{"start":{"line":46,"column":9},"end":{"line":48,"column":3}}],"line":46},"5":{"loc":{"start":{"line":46,"column":13},"end":{"line":46,"column":33}},"type":"binary-expr","locations":[{"start":{"line":46,"column":13},"end":{"line":46,"column":23}},{"start":{"line":46,"column":27},"end":{"line":46,"column":33}}],"line":46},"6":{"loc":{"start":{"line":55,"column":2},"end":{"line":62,"column":3}},"type":"if","locations":[{"start":{"line":55,"column":2},"end":{"line":62,"column":3}},{"start":{"line":55,"column":2},"end":{"line":62,"column":3}}],"line":55},"7":{"loc":{"start":{"line":56,"column":3},"end":{"line":61,"column":4}},"type":"if","locations":[{"start":{"line":56,"column":3},"end":{"line":61,"column":4}},{"start":{"line":56,"column":3},"end":{"line":61,"column":4}}],"line":56},"8":{"loc":{"start":{"line":56,"column":7},"end":{"line":56,"column":28}},"type":"binary-expr","locations":[{"start":{"line":56,"column":7},"end":{"line":56,"column":15}},{"start":{"line":56,"column":19},"end":{"line":56,"column":28}}],"line":56},"9":{"loc":{"start":{"line":59,"column":22},"end":{"line":59,"column":70}},"type":"cond-expr","locations":[{"start":{"line":59,"column":34},"end":{"line":59,"column":41}},{"start":{"line":59,"column":44},"end":{"line":59,"column":70}}],"line":59},"10":{"loc":{"start":{"line":59,"column":44},"end":{"line":59,"column":70}},"type":"cond-expr","locations":[{"start":{"line":59,"column":55},"end":{"line":59,"column":61}},{"start":{"line":59,"column":64},"end":{"line":59,"column":70}}],"line":59},"11":{"loc":{"start":{"line":73,"column":2},"end":{"line":76,"column":3}},"type":"if","locations":[{"start":{"line":73,"column":2},"end":{"line":76,"column":3}},{"start":{"line":73,"column":2},"end":{"line":76,"column":3}}],"line":73},"12":{"loc":{"start":{"line":73,"column":6},"end":{"line":73,"column":43}},"type":"binary-expr","locations":[{"start":{"line":73,"column":6},"end":{"line":73,"column":22}},{"start":{"line":73,"column":26},"end":{"line":73,"column":43}}],"line":73},"13":{"loc":{"start":{"line":83,"column":2},"end":{"line":85,"column":3}},"type":"if","locations":[{"start":{"line":83,"column":2},"end":{"line":85,"column":3}},{"start":{"line":83,"column":2},"end":{"line":85,"column":3}}],"line":83},"14":{"loc":{"start":{"line":104,"column":3},"end":{"line":106,"column":4}},"type":"if","locations":[{"start":{"line":104,"column":3},"end":{"line":106,"column":4}},{"start":{"line":104,"column":3},"end":{"line":106,"column":4}}],"line":104},"15":{"loc":{"start":{"line":107,"column":3},"end":{"line":109,"column":4}},"type":"if","locations":[{"start":{"line":107,"column":3},"end":{"line":109,"column":4}},{"start":{"line":107,"column":3},"end":{"line":109,"column":4}}],"line":107},"16":{"loc":{"start":{"line":119,"column":2},"end":{"line":122,"column":3}},"type":"if","locations":[{"start":{"line":119,"column":2},"end":{"line":122,"column":3}},{"start":{"line":119,"column":2},"end":{"line":122,"column":3}}],"line":119},"17":{"loc":{"start":{"line":135,"column":2},"end":{"line":146,"column":3}},"type":"if","locations":[{"start":{"line":135,"column":2},"end":{"line":146,"column":3}},{"start":{"line":135,"column":2},"end":{"line":146,"column":3}}],"line":135},"18":{"loc":{"start":{"line":136,"column":3},"end":{"line":145,"column":4}},"type":"if","locations":[{"start":{"line":136,"column":3},"end":{"line":145,"column":4}},{"start":{"line":136,"column":3},"end":{"line":145,"column":4}}],"line":136},"19":{"loc":{"start":{"line":139,"column":10},"end":{"line":145,"column":4}},"type":"if","locations":[{"start":{"line":139,"column":10},"end":{"line":145,"column":4}},{"start":{"line":139,"column":10},"end":{"line":145,"column":4}}],"line":139},"20":{"loc":{"start":{"line":157,"column":16},"end":{"line":157,"column":54}},"type":"cond-expr","locations":[{"start":{"line":157,"column":27},"end":{"line":157,"column":42}},{"start":{"line":157,"column":45},"end":{"line":157,"column":54}}],"line":157},"21":{"loc":{"start":{"line":158,"column":14},"end":{"line":158,"column":50}},"type":"cond-expr","locations":[{"start":{"line":158,"column":25},"end":{"line":158,"column":38}},{"start":{"line":158,"column":41},"end":{"line":158,"column":50}}],"line":158},"22":{"loc":{"start":{"line":159,"column":17},"end":{"line":159,"column":54}},"type":"cond-expr","locations":[{"start":{"line":159,"column":28},"end":{"line":159,"column":42}},{"start":{"line":159,"column":45},"end":{"line":159,"column":54}}],"line":159}},"s":{"0":1,"1":11,"2":11,"3":11,"4":11,"5":11,"6":11,"7":11,"8":11,"9":11,"10":10,"11":10,"12":10,"13":10,"14":2,"15":8,"16":2,"17":11,"18":6,"19":1,"20":0,"21":6,"22":11,"23":4,"24":4,"25":4,"26":11,"27":2,"28":1,"29":11,"30":3,"31":3,"32":11,"33":2,"34":2,"35":2,"36":2,"37":11,"38":2,"39":2,"40":1,"41":1,"42":11,"43":0,"44":0,"45":0,"46":11,"47":10,"48":10,"49":2,"50":2,"51":8,"52":3,"53":3,"54":5,"55":5,"56":11,"57":10,"58":11},"f":{"0":11,"1":10,"2":6,"3":4,"4":2,"5":3,"6":2,"7":2,"8":0,"9":10,"10":10},"b":{"0":[1,9],"1":[1,0],"2":[2,8],"3":[10,4],"4":[2,6],"5":[8,7],"6":[1,5],"7":[0,1],"8":[1,1],"9":[0,0],"10":[0,0],"11":[4,0],"12":[4,4],"13":[1,1],"14":[2,0],"15":[2,0],"16":[1,1],"17":[10,0],"18":[2,8],"19":[3,5],"20":[5,6],"21":[5,6],"22":[5,6]},"_coverageSchema":"1a1c01bbd47fc00a2c39e90264f33305004495a9","hash":"e5fbc520bfdab9d8c91d482d85b04292e9a17bbe"}
}
