TN:
SF:src/components/SliderBar/index.tsx
FN:25,(anonymous_0)
FN:40,(anonymous_1)
FN:54,(anonymous_2)
FN:72,(anonymous_3)
FN:82,(anonymous_4)
FN:92,(anonymous_5)
FN:103,(anonymous_6)
FN:117,(anonymous_7)
FN:128,(anonymous_8)
FN:134,(anonymous_9)
FN:149,(anonymous_10)
FNF:11
FNH:10
FNDA:11,(anonymous_0)
FNDA:10,(anonymous_1)
FNDA:6,(anonymous_2)
FNDA:4,(anonymous_3)
FNDA:2,(anonymous_4)
FNDA:3,(anonymous_5)
FNDA:2,(anonymous_6)
FNDA:2,(anonymous_7)
FNDA:0,(anonymous_8)
FNDA:10,(anonymous_9)
FNDA:10,(anonymous_10)
DA:25,1
DA:26,11
DA:27,11
DA:28,11
DA:29,11
DA:31,11
DA:32,11
DA:34,11
DA:35,11
DA:40,11
DA:41,10
DA:42,10
DA:43,10
DA:44,10
DA:45,2
DA:46,8
DA:47,2
DA:54,11
DA:55,6
DA:56,1
DA:57,0
DA:63,6
DA:72,11
DA:73,4
DA:74,4
DA:75,4
DA:82,11
DA:83,2
DA:84,1
DA:91,11
DA:93,3
DA:94,3
DA:102,11
DA:104,2
DA:105,2
DA:107,2
DA:108,2
DA:117,11
DA:118,2
DA:119,2
DA:120,1
DA:121,1
DA:128,11
DA:129,0
DA:130,0
DA:131,0
DA:134,11
DA:135,10
DA:136,10
DA:137,2
DA:138,2
DA:139,8
DA:140,3
DA:141,3
DA:143,5
DA:144,5
DA:149,11
DA:150,10
DA:153,11
LF:59
LH:55
BRDA:43,0,0,1
BRDA:43,0,1,9
BRDA:43,1,0,1
BRDA:43,1,1,0
BRDA:44,2,0,2
BRDA:44,2,1,8
BRDA:44,3,0,10
BRDA:44,3,1,4
BRDA:46,4,0,2
BRDA:46,4,1,6
BRDA:46,5,0,8
BRDA:46,5,1,7
BRDA:55,6,0,1
BRDA:55,6,1,5
BRDA:56,7,0,0
BRDA:56,7,1,1
BRDA:56,8,0,1
BRDA:56,8,1,1
BRDA:59,9,0,0
BRDA:59,9,1,0
BRDA:59,10,0,0
BRDA:59,10,1,0
BRDA:73,11,0,4
BRDA:73,11,1,0
BRDA:73,12,0,4
BRDA:73,12,1,4
BRDA:83,13,0,1
BRDA:83,13,1,1
BRDA:104,14,0,2
BRDA:104,14,1,0
BRDA:107,15,0,2
BRDA:107,15,1,0
BRDA:119,16,0,1
BRDA:119,16,1,1
BRDA:135,17,0,10
BRDA:135,17,1,0
BRDA:136,18,0,2
BRDA:136,18,1,8
BRDA:139,19,0,3
BRDA:139,19,1,5
BRDA:157,20,0,5
BRDA:157,20,1,6
BRDA:158,21,0,5
BRDA:158,21,1,6
BRDA:159,22,0,5
BRDA:159,22,1,6
BRF:46
BRH:36
end_of_record
